<?xml version="1.0" encoding="utf-8"?><testsuites name="pytest tests"><testsuite name="pytest" errors="0" failures="0" skipped="0" tests="14" time="133.820" timestamp="2026-03-29T07:48:32.291819+00:00" hostname="agent-env-534c9741-e031-4b8e-af9d-ddff10b3cac7"><testcase classname="backend.tests.test_cost_optimization_v8.TestHealthAndBasicSession" name="test_health_check" time="0.173" /><testcase classname="backend.tests.test_cost_optimization_v8.TestHealthAndBasicSession" name="test_create_session" time="0.097" /><testcase classname="backend.tests.test_cost_optimization_v8.TestExistingSessionData" name="test_get_existing_session" time="0.104" /><testcase classname="backend.tests.test_cost_optimization_v8.TestSimulationStatusFields" name="test_simulation_status_returns_all_fields" time="0.123" /><testcase classname="backend.tests.test_cost_optimization_v8.TestSimulationStatusFields" name="test_round_narratives_skip_rounds_1_2" time="0.096" /><testcase classname="backend.tests.test_cost_optimization_v8.TestAgentGenerationWithTemplates" name="test_agents_have_personality_type_and_template_fields" time="0.104" /><testcase classname="backend.tests.test_cost_optimization_v8.TestBatchedReplies" name="test_posts_include_batched_replies" time="0.109" /><testcase classname="backend.tests.test_cost_optimization_v8.TestProgressiveReport" name="test_report_has_required_fields" time="0.211" /><testcase classname="backend.tests.test_cost_optimization_v8.TestProgressiveReport" name="test_generate_report_endpoint" time="20.469" /><testcase classname="backend.tests.test_cost_optimization_v8.TestExtendEndpoint" name="test_extend_endpoint_exists" time="0.231" /><testcase classname="backend.tests.test_cost_optimization_v8.TestExtendEndpoint" name="test_extend_on_completed_session" time="0.117" /><testcase classname="backend.tests.test_cost_optimization_v8.TestChatEndpoint" name="test_chat_with_agent" time="9.902" /><testcase classname="backend.tests.test_cost_optimization_v8.TestLiveFetchFlow" name="test_fetch_live_returns_202" time="101.863" /><testcase classname="backend.tests.test_cost_optimization_v8.TestLiveStatusEndpoint" name="test_live_status_returns_completed" time="0.121" /></testsuite></testsuites>