<?xml version="1.0" encoding="utf-8"?><testsuites name="pytest tests"><testsuite name="pytest" errors="0" failures="0" skipped="0" tests="30" time="2.632" timestamp="2026-04-01T13:17:27.638516+00:00" hostname="agent-env-767e035e-4d81-4eae-98f5-ca81e9303755"><testcase classname="tests.test_bug_fixes_iteration15.TestBuildPredictionQuestion" name="test_user_question_returned_as_is_when_long" time="2.000" /><testcase classname="tests.test_bug_fixes_iteration15.TestBuildPredictionQuestion" name="test_user_question_with_whitespace_trimmed" time="0.000" /><testcase classname="tests.test_bug_fixes_iteration15.TestBuildPredictionQuestion" name="test_auto_generate_for_blank_question" time="0.000" /><testcase classname="tests.test_bug_fixes_iteration15.TestBuildPredictionQuestion" name="test_auto_generate_for_short_question" time="0.000" /><testcase classname="tests.test_bug_fixes_iteration15.TestBuildPredictionQuestion" name="test_financial_topic_uses_headed_template" time="0.000" /><testcase classname="tests.test_bug_fixes_iteration15.TestBuildPredictionQuestion" name="test_election_topic_uses_outcome_template" time="0.000" /><testcase classname="tests.test_bug_fixes_iteration15.TestBuildPredictionQuestion" name="test_sports_topic_uses_happen_template" time="0.000" /><testcase classname="tests.test_bug_fixes_iteration15.TestKeywordMapFinancial" name="test_nifty_50_in_financial_keywords" time="0.000" /><testcase classname="tests.test_bug_fixes_iteration15.TestKeywordMapFinancial" name="test_nifty_in_financial_keywords" time="0.000" /><testcase classname="tests.test_bug_fixes_iteration15.TestKeywordMapFinancial" name="test_sensex_in_financial_keywords" time="0.000" /><testcase classname="tests.test_bug_fixes_iteration15.TestKeywordMapFinancial" name="test_banknifty_in_financial_keywords" time="0.000" /><testcase classname="tests.test_bug_fixes_iteration15.TestKeywordMapFinancial" name="test_sp500_in_financial_keywords" time="0.000" /><testcase classname="tests.test_bug_fixes_iteration15.TestClassifyTopic" name="test_classify_nifty_50_as_financial" time="0.000" /><testcase classname="tests.test_bug_fixes_iteration15.TestClassifyTopic" name="test_classify_bengal_election_as_political" time="0.000" /><testcase classname="tests.test_bug_fixes_iteration15.TestClassifyTopic" name="test_classify_ipl_2026_as_sports" time="0.000" /><testcase classname="tests.test_bug_fixes_iteration15.TestClassifyTopic" name="test_classify_sensex_as_financial" time="0.000" /><testcase classname="tests.test_bug_fixes_iteration15.TestClassifyTopic" name="test_classify_bitcoin_as_crypto" time="0.000" /><testcase classname="tests.test_bug_fixes_iteration15.TestDomainPredictionTypeMapping" name="test_financial_maps_to_directional" time="0.000" /><testcase classname="tests.test_bug_fixes_iteration15.TestDomainPredictionTypeMapping" name="test_political_maps_to_outcome" time="0.000" /><testcase classname="tests.test_bug_fixes_iteration15.TestDomainPredictionTypeMapping" name="test_sports_maps_to_outcome" time="0.000" /><testcase classname="tests.test_bug_fixes_iteration15.TestDomainPredictionTypeMapping" name="test_crypto_maps_to_directional" time="0.000" /><testcase classname="tests.test_bug_fixes_iteration15.TestPredictionTypeLabels" name="test_directional_uses_up_down_labels" time="0.000" /><testcase classname="tests.test_bug_fixes_iteration15.TestPredictionTypeLabels" name="test_outcome_uses_yes_no_labels" time="0.000" /><testcase classname="tests.test_bug_fixes_iteration15.TestPredictionTypeLabels" name="test_sentiment_uses_positive_negative_labels" time="0.000" /><testcase classname="tests.test_bug_fixes_iteration15.TestAPIEndpoints" name="test_health_endpoint" time="0.161" /><testcase classname="tests.test_bug_fixes_iteration15.TestAPIEndpoints" name="test_accuracy_endpoint_returns_type_breakdown" time="0.132" /><testcase classname="tests.test_bug_fixes_iteration15.TestAPIEndpoints" name="test_accuracy_endpoint_returns_domain_breakdown" time="0.119" /><testcase classname="tests.test_bug_fixes_iteration15.TestExistingSession" name="test_nifty_50_session_has_financial_domain" time="0.124" /><testcase classname="tests.test_bug_fixes_iteration15.TestFreezePredictionLogic" name="test_outcome_type_uses_yes_no_direction" time="0.001" /><testcase classname="tests.test_bug_fixes_iteration15.TestFreezePredictionLogic" name="test_sentiment_type_uses_positive_negative_direction" time="0.000" /></testsuite></testsuites>