<?xml version="1.0" encoding="utf-8"?><testsuites name="pytest tests"><testsuite name="pytest" errors="0" failures="2" skipped="0" tests="14" time="127.040" timestamp="2026-03-29T09:37:50.711853+00:00" hostname="agent-env-534c9741-e031-4b8e-af9d-ddff10b3cac7"><testcase classname="backend.tests.test_social_seeding.TestSocialSeeding" name="test_01_health_check" time="0.117" /><testcase classname="backend.tests.test_social_seeding.TestSocialSeeding" name="test_02_create_session" time="0.046" /><testcase classname="backend.tests.test_social_seeding.TestSocialSeeding" name="test_03_fetch_social_seed" time="1.128" /><testcase classname="backend.tests.test_social_seeding.TestSocialSeeding" name="test_04_social_seed_stored_in_session" time="0.045" /><testcase classname="backend.tests.test_social_seeding.TestSocialSeeding" name="test_05_fetch_live_returns_202" time="0.046" /><testcase classname="backend.tests.test_social_seeding.TestSocialSeeding" name="test_06_fetch_live_completes" time="69.464"><failure message="assert 502 == 200&#10; +  where 502 = &lt;Response [502]&gt;.status_code">backend/tests/test_social_seeding.py:156: in test_06_fetch_live_completes
    assert response.status_code == 200
E   assert 502 == 200
E    +  where 502 = &lt;Response [502]&gt;.status_code</failure></testcase><testcase classname="backend.tests.test_social_seeding.TestSocialSeeding" name="test_07_generate_agents_with_social_context" time="28.525" /><testcase classname="backend.tests.test_social_seeding.TestSocialSeeding" name="test_08_existing_session_has_posts" time="0.073" /><testcase classname="backend.tests.test_social_seeding.TestSocialSeeding" name="test_09_simulation_status_returns_posts" time="0.043" /><testcase classname="backend.tests.test_social_seeding.TestSocialSeeding" name="test_10_report_generation" time="17.452" /><testcase classname="backend.tests.test_social_seeding.TestSocialSeeding" name="test_11_extend_simulation" time="0.047" /><testcase classname="backend.tests.test_social_seeding.TestSocialSeeding" name="test_12_chat_endpoint" time="7.551"><failure message="Failed: Chat failed with 500: Internal Server Error">backend/tests/test_social_seeding.py:341: in test_12_chat_endpoint
    pytest.fail(f"Chat failed with 500: {error}")
E   Failed: Chat failed with 500: Internal Server Error</failure></testcase><testcase classname="backend.tests.test_social_seeding.TestRealSeedPosts" name="test_real_seed_post_structure" time="1.387" /><testcase classname="backend.tests.test_social_seeding.TestFrontendDataTestIds" name="test_social_seed_endpoint_response_format" time="0.982" /></testsuite></testsuites>