<?xml version="1.0" encoding="utf-8"?><testsuites name="pytest tests"><testsuite name="pytest" errors="0" failures="0" skipped="0" tests="10" time="2.923" timestamp="2026-03-30T03:09:14.931343+00:00" hostname="agent-env-2ad1d1f9-d970-4b94-84a3-fdb7ca2b42c4"><testcase classname="tests.test_prediction_tracking.TestHealthEndpoint" name="test_health_returns_ok" time="0.232" /><testcase classname="tests.test_prediction_tracking.TestPredictionAccuracyEndpoint" name="test_accuracy_returns_valid_json" time="0.141" /><testcase classname="tests.test_prediction_tracking.TestPredictionOutcomeEndpoint" name="test_nonexistent_session_returns_not_tracked" time="0.116" /><testcase classname="tests.test_prediction_tracking.TestScoreNowEndpoint" name="test_nonexistent_session_returns_404" time="0.137" /><testcase classname="tests.test_prediction_tracking.TestFunctionExistence" name="test_freeze_prediction_exists" time="2.081" /><testcase classname="tests.test_prediction_tracking.TestFunctionExistence" name="test_score_pending_predictions_exists" time="0.000" /><testcase classname="tests.test_prediction_tracking.TestFunctionExistence" name="test_score_single_prediction_exists" time="0.000" /><testcase classname="tests.test_prediction_tracking.TestAPSchedulerSetup" name="test_scheduler_exists" time="0.000" /><testcase classname="tests.test_prediction_tracking.TestAPSchedulerSetup" name="test_scheduler_has_prediction_scorer_job" time="0.000" /><testcase classname="tests.test_prediction_tracking.TestBackendLogs" name="test_scheduler_started_message_in_logs" time="0.135" /></testsuite></testsuites>