<?xml version="1.0" encoding="utf-8"?><testsuites name="pytest tests"><testsuite name="pytest" errors="0" failures="0" skipped="0" tests="24" time="0.748" timestamp="2026-03-30T02:20:18.976917+00:00" hostname="agent-env-2ad1d1f9-d970-4b94-84a3-fdb7ca2b42c4"><testcase classname="tests.test_graphrag_l1_l2.TestHealthEndpoint" name="test_health_returns_ok" time="0.241" /><testcase classname="tests.test_graphrag_l1_l2.TestSessionCreation" name="test_create_session" time="0.158" /><testcase classname="tests.test_graphrag_l1_l2.TestGraphAgentProcessGraphResponse" name="test_process_graph_builds_entity_index" time="0.001" /><testcase classname="tests.test_graphrag_l1_l2.TestGraphAgentProcessGraphResponse" name="test_process_graph_builds_adjacency_map" time="0.000" /><testcase classname="tests.test_graphrag_l1_l2.TestGraphAgentProcessGraphResponse" name="test_process_graph_adds_counts" time="0.000" /><testcase classname="tests.test_graphrag_l1_l2.TestGraphAgentProcessGraphResponse" name="test_process_graph_normalizes_old_format" time="0.000" /><testcase classname="tests.test_graphrag_l1_l2.TestGraphAgentStripRuntimeFields" name="test_strip_removes_indices" time="0.000" /><testcase classname="tests.test_graphrag_l1_l2.TestGraphAgentStripRuntimeFields" name="test_strip_keeps_counts" time="0.000" /><testcase classname="tests.test_graphrag_l1_l2.TestGraphAgentStripRuntimeFields" name="test_strip_keeps_core_data" time="0.000" /><testcase classname="tests.test_graphrag_l1_l2.TestGraphAgentEnsureIndices" name="test_ensure_rebuilds_indices" time="0.000" /><testcase classname="tests.test_graphrag_l1_l2.TestGraphAgentEnsureIndices" name="test_ensure_idempotent" time="0.000" /><testcase classname="tests.test_graphrag_l1_l2.TestGraphAgentRetrieveGraphContext" name="test_retrieve_returns_context_string" time="0.000" /><testcase classname="tests.test_graphrag_l1_l2.TestGraphAgentRetrieveGraphContext" name="test_retrieve_includes_high_importance_entities" time="0.000" /><testcase classname="tests.test_graphrag_l1_l2.TestGraphAgentRetrieveGraphContext" name="test_retrieve_includes_occupation_relevant_entities" time="0.000" /><testcase classname="tests.test_graphrag_l1_l2.TestGraphAgentRetrieveGraphContext" name="test_retrieve_includes_recent_post_mentions" time="0.000" /><testcase classname="tests.test_graphrag_l1_l2.TestGraphAgentRetrieveGraphContext" name="test_retrieve_includes_tensions" time="0.000" /><testcase classname="tests.test_graphrag_l1_l2.TestGraphAgentBuildAgentGenerationContext" name="test_build_agent_context_returns_string" time="0.000" /><testcase classname="tests.test_graphrag_l1_l2.TestGraphAgentBuildAgentGenerationContext" name="test_build_agent_context_includes_themes" time="0.000" /><testcase classname="tests.test_graphrag_l1_l2.TestGraphAgentBuildAgentGenerationContext" name="test_build_agent_context_includes_tensions" time="0.000" /><testcase classname="tests.test_graphrag_l1_l2.TestGraphAgentBuildAgentGenerationContext" name="test_build_agent_context_includes_diversity_hints" time="0.000" /><testcase classname="tests.test_graphrag_l1_l2.TestGraphAgentGenerateReportContext" name="test_generate_report_context_returns_string" time="0.000" /><testcase classname="tests.test_graphrag_l1_l2.TestGraphAgentGenerateReportContext" name="test_generate_report_context_includes_high_importance" time="0.000" /><testcase classname="tests.test_graphrag_l1_l2.TestGraphAgentGenerateReportContext" name="test_generate_report_context_includes_tensions" time="0.000" /><testcase classname="tests.test_graphrag_l1_l2.TestFrontendGraphVisualization" name="test_session_stores_graph_stats" time="0.249" /></testsuite></testsuites>