<?xml version="1.0" encoding="utf-8"?><testsuites name="pytest tests"><testsuite name="pytest" errors="0" failures="0" skipped="0" tests="18" time="4.064" timestamp="2026-04-01T13:02:59.064485+00:00" hostname="agent-env-767e035e-4d81-4eae-98f5-ca81e9303755"><testcase classname="backend.tests.test_universal_prediction_model.TestHealthEndpoint" name="test_health_returns_ok" time="0.233" /><testcase classname="backend.tests.test_universal_prediction_model.TestAccuracyEndpoint" name="test_accuracy_returns_valid_structure" time="0.110" /><testcase classname="backend.tests.test_universal_prediction_model.TestAccuracyEndpoint" name="test_accuracy_has_type_breakdown_field" time="0.116" /><testcase classname="backend.tests.test_universal_prediction_model.TestAccuracyEndpoint" name="test_accuracy_domain_breakdown_covers_all_domains" time="0.110" /><testcase classname="backend.tests.test_universal_prediction_model.TestAccuracyEndpoint" name="test_accuracy_recent_has_prediction_type_field" time="0.114" /><testcase classname="backend.tests.test_universal_prediction_model.TestPredictionOutcomeEndpoint" name="test_prediction_outcome_returns_not_tracked_for_unknown" time="0.124" /><testcase classname="backend.tests.test_universal_prediction_model.TestPredictionOutcomeEndpoint" name="test_prediction_outcome_ipl_session" time="0.108" /><testcase classname="backend.tests.test_universal_prediction_model.TestPredictionOutcomeEndpoint" name="test_prediction_outcome_bengal_session" time="0.105" /><testcase classname="backend.tests.test_universal_prediction_model.TestForceScoreEndpoint" name="test_force_score_returns_404_for_unknown" time="0.122" /><testcase classname="backend.tests.test_universal_prediction_model.TestForceScoreEndpoint" name="test_force_score_ipl_session" time="2.603" /><testcase classname="backend.tests.test_universal_prediction_model.TestDomainPredictionTypeMapping" name="test_financial_domain_maps_to_directional" time="0.000" /><testcase classname="backend.tests.test_universal_prediction_model.TestDomainPredictionTypeMapping" name="test_political_domain_maps_to_outcome" time="0.000" /><testcase classname="backend.tests.test_universal_prediction_model.TestDomainPredictionTypeMapping" name="test_technology_domain_maps_to_sentiment" time="0.000" /><testcase classname="backend.tests.test_universal_prediction_model.TestPredictionTypeLabels" name="test_directional_labels" time="0.000" /><testcase classname="backend.tests.test_universal_prediction_model.TestPredictionTypeLabels" name="test_outcome_labels" time="0.000" /><testcase classname="backend.tests.test_universal_prediction_model.TestPredictionTypeLabels" name="test_sentiment_labels" time="0.000" /><testcase classname="backend.tests.test_universal_prediction_model.TestRescheduleLogic" name="test_reschedule_increments_retry_count" time="0.125" /><testcase classname="backend.tests.test_universal_prediction_model.TestAccuracyStatsTypeBreakdown" name="test_type_breakdown_structure" time="0.122" /></testsuite></testsuites>