<?xml version="1.0" encoding="utf-8"?><testsuites name="pytest tests"><testsuite name="pytest" errors="0" failures="0" skipped="0" tests="9" time="1.357" timestamp="2026-03-29T10:47:40.058971+00:00" hostname="agent-env-8491751d-8339-498b-b2ba-ee071ed5b94f"><testcase classname="tests.test_grok_integration.TestHealthEndpoint" name="test_health_returns_200" time="0.222" /><testcase classname="tests.test_grok_integration.TestHealthEndpoint" name="test_health_returns_grok_available_true" time="0.105" /><testcase classname="tests.test_grok_integration.TestHealthEndpoint" name="test_health_returns_twitter_source_grok" time="0.101" /><testcase classname="tests.test_grok_integration.TestHealthEndpoint" name="test_health_returns_status_ok" time="0.110" /><testcase classname="tests.test_grok_integration.TestSessionEndpoint" name="test_create_session_returns_201_or_200" time="0.103" /><testcase classname="tests.test_grok_integration.TestSessionEndpoint" name="test_create_session_returns_session_id" time="0.130" /><testcase classname="tests.test_grok_integration.TestSessionEndpoint" name="test_create_session_returns_uuid_format" time="0.100" /><testcase classname="tests.test_grok_integration.TestSessionEndpoint" name="test_get_session_after_creation" time="0.296" /><testcase classname="tests.test_grok_integration.TestPredictionHorizons" name="test_get_prediction_horizons" time="0.119" /></testsuite></testsuites>